app/manifest-merger-release-report.txt
-- Merging decision tree log ---
manifest
ADDED from AndroidManifest.xml:2:1
	xmlns:android
		ADDED from AndroidManifest.xml:2:11
	package
		ADDED from AndroidManifest.xml:5:5
		INJECTED from AndroidManifest.xml:0:0
		INJECTED from AndroidManifest.xml:0:0
	android:versionName
		ADDED from AndroidManifest.xml:4:5
		INJECTED from AndroidManifest.xml:0:0
		INJECTED from AndroidManifest.xml:0:0
	android:versionCode
		ADDED from AndroidManifest.xml:3:5
		INJECTED from AndroidManifest.xml:0:0
		INJECTED from AndroidManifest.xml:0:0
uses-permission#android.permission.INTERNET
ADDED from AndroidManifest.xml:7:5
	android:name
		ADDED from AndroidManifest.xml:7:22
uses-permission#android.permission.WRITE_EXTERNAL_STORAGE
ADDED from AndroidManifest.xml:8:5
	android:name
		ADDED from AndroidManifest.xml:8:22
application
ADDED from AndroidManifest.xml:10:5
	android:label
		ADDED from AndroidManifest.xml:13:9
	android:allowBackup
		ADDED from AndroidManifest.xml:11:9
	android:icon
		ADDED from AndroidManifest.xml:12:9
	android:theme
		ADDED from AndroidManifest.xml:14:9
activity#mfuentes.labartolaoficial.Activity.Home
ADDED from AndroidManifest.xml:15:9
	android:label
		ADDED from AndroidManifest.xml:17:13
	android:name
		ADDED from AndroidManifest.xml:16:13
activity#mfuentes.labartolaoficial.Activity.Splash
ADDED from AndroidManifest.xml:19:9
	android:label
		ADDED from AndroidManifest.xml:22:13
	android:configChanges
		ADDED from AndroidManifest.xml:21:13
	android:theme
		ADDED from AndroidManifest.xml:23:13
	android:name
		ADDED from AndroidManifest.xml:20:13
intent-filter#android.intent.action.MAIN+android.intent.category.LAUNCHER
ADDED from AndroidManifest.xml:24:13
action#android.intent.action.MAIN
ADDED from AndroidManifest.xml:25:17
	android:name
		ADDED from AndroidManifest.xml:25:25
category#android.intent.category.LAUNCHER
ADDED from AndroidManifest.xml:27:17
	android:name
		ADDED from AndroidManifest.xml:27:27
activity#mfuentes.labartolaoficial.Activity.BigImageView
ADDED from AndroidManifest.xml:30:9
	android:label
		ADDED from AndroidManifest.xml:32:13
	android:theme
		ADDED from AndroidManifest.xml:33:13
	android:name
		ADDED from AndroidManifest.xml:31:13
uses-sdk
INJECTED from AndroidManifest.xml:0:0 reason: use-sdk injection requested
	android:targetSdkVersion
		INJECTED from AndroidManifest.xml:0:0
		INJECTED from AndroidManifest.xml:0:0
	android:minSdkVersion
		INJECTED from AndroidManifest.xml:0:0
		INJECTED from AndroidManifest.xml:0:0